<?xml version="1.0" encoding="UTF-8"?>
<!-- Generated by org.testng.reporters.JUnitXMLReporter -->
<testsuite ignored="0" hostname="LAPTOP-5ONM4F1J" failures="0" tests="5" name="Find New Car Test" time="23.392" errors="0" timestamp="25 Dec 2024 12:33:08 GMT">
  <testcase classname="testcases.FindNewCarsTest" name="findNewCars" time="4.817"/>
  <testcase classname="testcases.FindNewCarsTest" name="findNewCars" time="3.542"/>
  <testcase classname="testcases.FindNewCarsTest" name="findNewCars" time="5.109"/>
  <testcase classname="testcases.FindNewCarsTest" name="findNewCars" time="4.592"/>
  <testcase classname="testcases.FindNewCarsTest" name="findNewCars" time="4.063"/>
</testsuite> <!-- Find New Car Test -->
