<?xml version="1.0" encoding="UTF-8"?>
<!-- Generated by org.testng.reporters.JUnitXMLReporter -->
<testsuite ignored="0" hostname="LAPTOP-5ONM4F1J" failures="0" tests="5" name="Find Car Names and Car Prices" time="244.76" errors="0" timestamp="25 Dec 2024 12:37:13 GMT">
  <testcase classname="testcases.CarNamesAndCarPricesTest" name="carNamesAndCarPricesTest" time="4.132"/>
  <testcase classname="testcases.CarNamesAndCarPricesTest" name="carNamesAndCarPricesTest" time="6.026"/>
  <testcase classname="testcases.CarNamesAndCarPricesTest" name="carNamesAndCarPricesTest" time="5.046"/>
  <testcase classname="testcases.CarNamesAndCarPricesTest" name="carNamesAndCarPricesTest" time="7.249"/>
  <testcase classname="testcases.CarNamesAndCarPricesTest" name="carNamesAndCarPricesTest" time="222.273"/>
</testsuite> <!-- Find Car Names and Car Prices -->
