<?xml version="1.0" encoding="UTF-8"?>
<!-- Generated by org.testng.reporters.JUnitXMLReporter -->
<testsuite ignored="0" hostname="LAPTOP-5ONM4F1J" failures="1" tests="1" name="Failure Test for testing Listeners" time="0.004" errors="0" timestamp="09 Jan 2025 07:43:44 GMT">
  <testcase classname="CustomListeners.TestFailure" name="testFail" time="0.002">
    <failure type="java.lang.AssertionError" message="Failing the tets to see the ITestListeners implementation.">
      <![CDATA[java.lang.AssertionError: Failing the tets to see the ITestListeners implementation.
at CustomListeners.TestFailure.testFail(TestFailure.java:11)
... Removed 24 stack frames]]>
    </failure>
  </testcase> <!-- testFail -->
</testsuite> <!-- Failure Test for testing Listeners -->
