<?xml version="1.0" encoding="UTF-8"?>
<!-- Generated by org.testng.reporters.JUnitXMLReporter -->
<testsuite ignored="0" hostname="LAPTOP-5ONM4F1J" failures="1" tests="3" name="Regression test cases Test" time="0.011" errors="0" timestamp="09 Jan 2025 07:43:44 GMT">
  <testcase classname="rough.TestCase03" name="regressionM01" time="0.001"/>
  <testcase classname="rough.TestCase03" name="regressionM02" time="0.002"/>
  <testcase classname="rough.TestCase03" name="validateTitle" time="0.002">
    <failure type="java.lang.AssertionError" message="expected [LeBloom.com] but found [LaBloom.com]">
      <![CDATA[java.lang.AssertionError: expected [LeBloom.com] but found [LaBloom.com]
at rough.TestCase03.validateTitle(TestCase03.java:32)
... Removed 29 stack frames]]>
    </failure>
  </testcase> <!-- validateTitle -->
</testsuite> <!-- Regression test cases Test -->
