<?xml version="1.0" encoding="UTF-8"?>
<testng-results ignored="0" total="10" passed="10" failed="0" skipped="0">
  <reporter-output>
  </reporter-output>
  <suite started-at="2024-12-25T12:32:44Z" name="Page Object Model Framework" finished-at="2024-12-25T12:37:13Z" duration-ms="268168">
    <groups>
    </groups>
    <test started-at="2024-12-25T12:32:44Z" name="Find New Car Test" finished-at="2024-12-25T12:33:08Z" duration-ms="23392">
      <class name="testcases.FindNewCarsTest">
        <test-method signature="findNewCars(java.lang.String, java.lang.String, java.lang.String, java.lang.String)[pri:0, instance:testcases.FindNewCarsTest@47605f2f]" started-at="2024-12-25T12:32:45Z" name="findNewCars" data-provider="dp" finished-at="2024-12-25T12:32:49Z" duration-ms="4817" status="PASS">
          <params>
            <param index="0">
              <value>
                <![CDATA[chrome]]>
              </value>
            </param>
            <param index="1">
              <value>
                <![CDATA[Y]]>
              </value>
            </param>
            <param index="2">
              <value>
                <![CDATA[kia]]>
              </value>
            </param>
            <param index="3">
              <value>
                <![CDATA[Kia Cars]]>
              </value>
            </param>
          </params>
          <reporter-output>
          </reporter-output>
        </test-method> <!-- findNewCars -->
        <test-method is-config="true" signature="tearDown()[pri:0, instance:testcases.FindNewCarsTest@47605f2f]" started-at="2024-12-25T12:32:49Z" name="tearDown" finished-at="2024-12-25T12:32:50Z" duration-ms="182" status="PASS">
          <reporter-output>
          </reporter-output>
        </test-method> <!-- tearDown -->
        <test-method signature="findNewCars(java.lang.String, java.lang.String, java.lang.String, java.lang.String)[pri:0, instance:testcases.FindNewCarsTest@47605f2f]" started-at="2024-12-25T12:32:50Z" name="findNewCars" data-provider="dp" finished-at="2024-12-25T12:32:53Z" duration-ms="3542" status="PASS">
          <params>
            <param index="0">
              <value>
                <![CDATA[chrome]]>
              </value>
            </param>
            <param index="1">
              <value>
                <![CDATA[Y]]>
              </value>
            </param>
            <param index="2">
              <value>
                <![CDATA[toyota]]>
              </value>
            </param>
            <param index="3">
              <value>
                <![CDATA[Toyota Cars]]>
              </value>
            </param>
          </params>
          <reporter-output>
          </reporter-output>
        </test-method> <!-- findNewCars -->
        <test-method is-config="true" signature="tearDown()[pri:0, instance:testcases.FindNewCarsTest@47605f2f]" started-at="2024-12-25T12:32:53Z" name="tearDown" finished-at="2024-12-25T12:32:53Z" duration-ms="222" status="PASS">
          <reporter-output>
          </reporter-output>
        </test-method> <!-- tearDown -->
        <test-method signature="findNewCars(java.lang.String, java.lang.String, java.lang.String, java.lang.String)[pri:0, instance:testcases.FindNewCarsTest@47605f2f]" started-at="2024-12-25T12:32:53Z" name="findNewCars" data-provider="dp" finished-at="2024-12-25T12:32:58Z" duration-ms="5109" status="PASS">
          <params>
            <param index="0">
              <value>
                <![CDATA[chrome]]>
              </value>
            </param>
            <param index="1">
              <value>
                <![CDATA[Y]]>
              </value>
            </param>
            <param index="2">
              <value>
                <![CDATA[bmw]]>
              </value>
            </param>
            <param index="3">
              <value>
                <![CDATA[BMW Cars]]>
              </value>
            </param>
          </params>
          <reporter-output>
          </reporter-output>
        </test-method> <!-- findNewCars -->
        <test-method is-config="true" signature="tearDown()[pri:0, instance:testcases.FindNewCarsTest@47605f2f]" started-at="2024-12-25T12:32:58Z" name="tearDown" finished-at="2024-12-25T12:32:59Z" duration-ms="429" status="PASS">
          <reporter-output>
          </reporter-output>
        </test-method> <!-- tearDown -->
        <test-method signature="findNewCars(java.lang.String, java.lang.String, java.lang.String, java.lang.String)[pri:0, instance:testcases.FindNewCarsTest@47605f2f]" started-at="2024-12-25T12:32:59Z" name="findNewCars" data-provider="dp" finished-at="2024-12-25T12:33:03Z" duration-ms="4592" status="PASS">
          <params>
            <param index="0">
              <value>
                <![CDATA[chrome]]>
              </value>
            </param>
            <param index="1">
              <value>
                <![CDATA[Y]]>
              </value>
            </param>
            <param index="2">
              <value>
                <![CDATA[hyundai]]>
              </value>
            </param>
            <param index="3">
              <value>
                <![CDATA[Hyundai Cars]]>
              </value>
            </param>
          </params>
          <reporter-output>
          </reporter-output>
        </test-method> <!-- findNewCars -->
        <test-method is-config="true" signature="tearDown()[pri:0, instance:testcases.FindNewCarsTest@47605f2f]" started-at="2024-12-25T12:33:03Z" name="tearDown" finished-at="2024-12-25T12:33:04Z" duration-ms="190" status="PASS">
          <reporter-output>
          </reporter-output>
        </test-method> <!-- tearDown -->
        <test-method signature="findNewCars(java.lang.String, java.lang.String, java.lang.String, java.lang.String)[pri:0, instance:testcases.FindNewCarsTest@47605f2f]" started-at="2024-12-25T12:33:04Z" name="findNewCars" data-provider="dp" finished-at="2024-12-25T12:33:08Z" duration-ms="4063" status="PASS">
          <params>
            <param index="0">
              <value>
                <![CDATA[chrome]]>
              </value>
            </param>
            <param index="1">
              <value>
                <![CDATA[Y]]>
              </value>
            </param>
            <param index="2">
              <value>
                <![CDATA[audi]]>
              </value>
            </param>
            <param index="3">
              <value>
                <![CDATA[Audi Cars]]>
              </value>
            </param>
          </params>
          <reporter-output>
          </reporter-output>
        </test-method> <!-- findNewCars -->
        <test-method is-config="true" signature="tearDown()[pri:0, instance:testcases.FindNewCarsTest@47605f2f]" started-at="2024-12-25T12:33:08Z" name="tearDown" finished-at="2024-12-25T12:33:08Z" duration-ms="175" status="PASS">
          <reporter-output>
          </reporter-output>
        </test-method> <!-- tearDown -->
      </class> <!-- testcases.FindNewCarsTest -->
    </test> <!-- Find New Car Test -->
    <test started-at="2024-12-25T12:33:08Z" name="Find Car Names and Car Prices" finished-at="2024-12-25T12:37:13Z" duration-ms="244760">
      <class name="testcases.CarNamesAndCarPricesTest">
        <test-method signature="carNamesAndCarPricesTest(java.lang.String, java.lang.String, java.lang.String)[pri:0, instance:testcases.CarNamesAndCarPricesTest@6bb75258]" started-at="2024-12-25T12:33:08Z" name="carNamesAndCarPricesTest" data-provider="dp" finished-at="2024-12-25T12:33:12Z" duration-ms="4132" status="PASS">
          <params>
            <param index="0">
              <value>
                <![CDATA[chrome]]>
              </value>
            </param>
            <param index="1">
              <value>
                <![CDATA[Y]]>
              </value>
            </param>
            <param index="2">
              <value>
                <![CDATA[kia]]>
              </value>
            </param>
          </params>
          <reporter-output>
          </reporter-output>
        </test-method> <!-- carNamesAndCarPricesTest -->
        <test-method signature="carNamesAndCarPricesTest(java.lang.String, java.lang.String, java.lang.String)[pri:0, instance:testcases.CarNamesAndCarPricesTest@6bb75258]" started-at="2024-12-25T12:33:12Z" name="carNamesAndCarPricesTest" data-provider="dp" finished-at="2024-12-25T12:33:18Z" duration-ms="6026" status="PASS">
          <params>
            <param index="0">
              <value>
                <![CDATA[chrome]]>
              </value>
            </param>
            <param index="1">
              <value>
                <![CDATA[Y]]>
              </value>
            </param>
            <param index="2">
              <value>
                <![CDATA[toyota]]>
              </value>
            </param>
          </params>
          <reporter-output>
          </reporter-output>
        </test-method> <!-- carNamesAndCarPricesTest -->
        <test-method is-config="true" signature="tearDown()[pri:0, instance:testcases.CarNamesAndCarPricesTest@6bb75258]" started-at="2024-12-25T12:33:12Z" name="tearDown" finished-at="2024-12-25T12:33:12Z" duration-ms="0" status="PASS">
          <reporter-output>
          </reporter-output>
        </test-method> <!-- tearDown -->
        <test-method signature="carNamesAndCarPricesTest(java.lang.String, java.lang.String, java.lang.String)[pri:0, instance:testcases.CarNamesAndCarPricesTest@6bb75258]" started-at="2024-12-25T12:33:18Z" name="carNamesAndCarPricesTest" data-provider="dp" finished-at="2024-12-25T12:33:23Z" duration-ms="5046" status="PASS">
          <params>
            <param index="0">
              <value>
                <![CDATA[chrome]]>
              </value>
            </param>
            <param index="1">
              <value>
                <![CDATA[Y]]>
              </value>
            </param>
            <param index="2">
              <value>
                <![CDATA[bmw]]>
              </value>
            </param>
          </params>
          <reporter-output>
          </reporter-output>
        </test-method> <!-- carNamesAndCarPricesTest -->
        <test-method is-config="true" signature="tearDown()[pri:0, instance:testcases.CarNamesAndCarPricesTest@6bb75258]" started-at="2024-12-25T12:33:18Z" name="tearDown" finished-at="2024-12-25T12:33:18Z" duration-ms="0" status="PASS">
          <reporter-output>
          </reporter-output>
        </test-method> <!-- tearDown -->
        <test-method signature="carNamesAndCarPricesTest(java.lang.String, java.lang.String, java.lang.String)[pri:0, instance:testcases.CarNamesAndCarPricesTest@6bb75258]" started-at="2024-12-25T12:33:23Z" name="carNamesAndCarPricesTest" data-provider="dp" finished-at="2024-12-25T12:33:30Z" duration-ms="7249" status="PASS">
          <params>
            <param index="0">
              <value>
                <![CDATA[chrome]]>
              </value>
            </param>
            <param index="1">
              <value>
                <![CDATA[Y]]>
              </value>
            </param>
            <param index="2">
              <value>
                <![CDATA[hyundai]]>
              </value>
            </param>
          </params>
          <reporter-output>
          </reporter-output>
        </test-method> <!-- carNamesAndCarPricesTest -->
        <test-method is-config="true" signature="tearDown()[pri:0, instance:testcases.CarNamesAndCarPricesTest@6bb75258]" started-at="2024-12-25T12:33:23Z" name="tearDown" finished-at="2024-12-25T12:33:23Z" duration-ms="0" status="PASS">
          <reporter-output>
          </reporter-output>
        </test-method> <!-- tearDown -->
        <test-method signature="carNamesAndCarPricesTest(java.lang.String, java.lang.String, java.lang.String)[pri:0, instance:testcases.CarNamesAndCarPricesTest@6bb75258]" started-at="2024-12-25T12:33:30Z" name="carNamesAndCarPricesTest" data-provider="dp" finished-at="2024-12-25T12:37:13Z" duration-ms="222273" status="PASS">
          <params>
            <param index="0">
              <value>
                <![CDATA[chrome]]>
              </value>
            </param>
            <param index="1">
              <value>
                <![CDATA[Y]]>
              </value>
            </param>
            <param index="2">
              <value>
                <![CDATA[audi]]>
              </value>
            </param>
          </params>
          <reporter-output>
          </reporter-output>
        </test-method> <!-- carNamesAndCarPricesTest -->
        <test-method is-config="true" signature="tearDown()[pri:0, instance:testcases.CarNamesAndCarPricesTest@6bb75258]" started-at="2024-12-25T12:33:30Z" name="tearDown" finished-at="2024-12-25T12:33:30Z" duration-ms="0" status="PASS">
          <reporter-output>
          </reporter-output>
        </test-method> <!-- tearDown -->
        <test-method is-config="true" signature="tearDown()[pri:0, instance:testcases.CarNamesAndCarPricesTest@6bb75258]" started-at="2024-12-25T12:37:13Z" name="tearDown" finished-at="2024-12-25T12:37:13Z" duration-ms="1" status="PASS">
          <reporter-output>
          </reporter-output>
        </test-method> <!-- tearDown -->
      </class> <!-- testcases.CarNamesAndCarPricesTest -->
    </test> <!-- Find Car Names and Car Prices -->
  </suite> <!-- Page Object Model Framework -->
</testng-results>
